<?xml version="1.0" encoding="UTF-8"?>
<testng-results ignored="0" total="1" passed="1" failed="0" skipped="0">
  <reporter-output>
    <line>
      <![CDATA[login to the page successfully]]>
    </line>
    <line>
      <![CDATA[product is serached successfully]]>
    </line>
    <line>
      <![CDATA[order placed successfully]]>
    </line>
    <line>
      <![CDATA[logged out]]>
    </line>
  </reporter-output>
  <suite started-at="2021-05-05T15:59:55 IST" name="Automation Testing" finished-at="2021-05-05T16:01:52 IST" duration-ms="116775">
    <groups>
    </groups>
    <test started-at="2021-05-05T15:59:55 IST" name="Functional Testing" finished-at="2021-05-05T16:01:52 IST" duration-ms="116775">
      <class name="com.qa.testscript.EndToEndFlow">
        <test-method signature="FlipKart(java.lang.String, java.lang.String, java.lang.String)[pri:0, instance:com.qa.testscript.EndToEndFlow@625732]" started-at="2021-05-05T15:59:58 IST" name="FlipKart" data-provider="getData1" finished-at="2021-05-05T16:01:52 IST" duration-ms="114467" status="PASS">
          <params>
            <param index="0">
              <value>
                <![CDATA[9618360677]]>
              </value>
            </param>
            <param index="1">
              <value>
                <![CDATA[Kushma@123]]>
              </value>
            </param>
            <param index="2">
              <value>
                <![CDATA[oppoF17pro]]>
              </value>
            </param>
          </params>
          <reporter-output>
            <line>
              <![CDATA[login to the page successfully]]>
            </line>
            <line>
              <![CDATA[product is serached successfully]]>
            </line>
            <line>
              <![CDATA[order placed successfully]]>
            </line>
            <line>
              <![CDATA[logged out]]>
            </line>
          </reporter-output>
        </test-method> <!-- FlipKart -->
      </class> <!-- com.qa.testscript.EndToEndFlow -->
    </test> <!-- Functional Testing -->
  </suite> <!-- Automation Testing -->
</testng-results>
